Starting EfficientNet training job on c2007 ...
Job started at: Wed Apr 16 18:10:19 CDT 2025
Using device: cuda
Found 798 training images, 16 classes
Found 160 test images,    16 classes
Saved sample batch to saved_images/batch_train_images.png
Epoch 0/19
----------
train Loss: 2.6122 Acc: 0.2749
val Loss: 2.0893 Acc: 0.6705

Epoch 1/19
----------
train Loss: 1.8808 Acc: 0.8714
val Loss: 1.4812 Acc: 0.7898

Epoch 2/19
----------
train Loss: 1.3067 Acc: 0.9389
val Loss: 1.0933 Acc: 0.8977

Epoch 3/19
----------
train Loss: 0.9905 Acc: 0.9598
val Loss: 1.0177 Acc: 0.9261

Epoch 4/19
----------
train Loss: 0.9133 Acc: 0.9695
val Loss: 1.0053 Acc: 0.9545

Epoch 5/19
----------
train Loss: 0.9054 Acc: 0.9791
val Loss: 1.0127 Acc: 0.9545

Epoch 6/19
----------
train Loss: 0.9179 Acc: 0.9791
val Loss: 0.9993 Acc: 0.9545

Epoch 7/19
----------
train Loss: 0.8967 Acc: 0.9759
val Loss: 0.9565 Acc: 0.9545

Epoch 8/19
----------
train Loss: 0.8915 Acc: 0.9775
val Loss: 0.9194 Acc: 0.9659

Epoch 9/19
----------
train Loss: 0.8486 Acc: 0.9839
val Loss: 0.8775 Acc: 0.9830

Epoch 10/19
----------
train Loss: 0.8086 Acc: 0.9936
val Loss: 0.8354 Acc: 0.9716

Epoch 11/19
----------
train Loss: 0.7932 Acc: 0.9887
val Loss: 0.8086 Acc: 0.9886

Epoch 12/19
----------
train Loss: 0.7912 Acc: 0.9887
val Loss: 0.8394 Acc: 0.9830

Epoch 13/19
----------
train Loss: 0.7727 Acc: 0.9920
val Loss: 0.8158 Acc: 0.9716

Epoch 14/19
----------
train Loss: 0.7626 Acc: 0.9952
val Loss: 0.7827 Acc: 0.9830

Epoch 15/19
----------
train Loss: 0.7682 Acc: 0.9920
val Loss: 0.7850 Acc: 0.9886

Epoch 16/19
----------
train Loss: 0.7524 Acc: 0.9968
val Loss: 0.7942 Acc: 0.9886

Epoch 17/19
----------
train Loss: 0.7734 Acc: 0.9855
val Loss: 0.7984 Acc: 0.9773

Epoch 18/19
----------
train Loss: 0.7561 Acc: 0.9904
val Loss: 0.7797 Acc: 0.9773

Epoch 19/19
----------
train Loss: 0.7494 Acc: 0.9968
val Loss: 0.7884 Acc: 0.9773

Training complete in 33m 2s
Best val Acc: 0.9886
Running on test set...
Test Loss: 0.828735
Accuracy of bagged_banana: 100.00% (10/10)
Accuracy of bagged_broccoli: 100.00% (10/10)
Accuracy of bagged_fiji_apple: 90.00% (9/10)
Accuracy of bagged_granny_apple: 100.00% (10/10)
Accuracy of bagged_jalapeno: 100.00% (10/10)
Accuracy of bagged_lime: 100.00% (10/10)
Accuracy of bagged_orange_bell_pepper: 100.00% (10/10)
Accuracy of bagged_red_bell_pepper: 100.00% (10/10)
Accuracy of banana    : 100.00% (10/10)
Accuracy of broccoli  : 100.00% (10/10)
Accuracy of fiji_apple: 100.00% (10/10)
Accuracy of granny_apple: 100.00% (10/10)
Accuracy of jalapeno  : 100.00% (10/10)
Accuracy of lime      : 70.00% (7/10)
Accuracy of orange_bell_pepper: 100.00% (10/10)
Accuracy of red_bell_pepper: 100.00% (10/10)

Overall Test Accuracy: 97.50%

Saved traced model to produce-dataset-efficientnet_b0.zip
EfficientNet training job finished at: Wed Apr 16 18:44:46 CDT 2025
